2020-06-15 16:44:33,393 - INFO - FLAGS : 
src.flags:
  --ad_input_length: ad single feature length
    (default: '6')
    (an integer)
  --ad_layer1_units: (no help available)
    (default: '256')
    (an integer)
  --ad_layer2_units: (no help available)
    (default: '128')
    (an integer)
  --alpha: loss weight for joint training
    (default: '1.0')
    (a number)
  --cross_input_length: cross feature length
    (default: '239')
    (an integer)
  --embedding_dim: embedding dimension
    (default: '8')
    (an integer)
  --learning_rate: learning rate
    (default: '0.005')
    (a number)
  --match_output_units: (no help available)
    (default: '64')
    (an integer)
  --pred_layer1_units: (no help available)
    (default: '512')
    (an integer)
  --pred_layer2_units: (no help available)
    (default: '256')
    (an integer)
  --pred_layer3_units: (no help available)
    (default: '128')
    (an integer)
  --user_input_length: user single feature length
    (default: '116')
    (an integer)
  --user_layer1_units: (no help available)
    (default: '256')
    (an integer)
  --user_layer2_units: (no help available)
    (default: '128')
    (an integer)
  --vocab_size: embedding table vocab size
    (default: '5000000')
    (an integer)

absl.flags:
  --flagfile: Insert flag definitions from the given file into the command line.
    (default: '')
  --undefok: comma-separated list of flag names that it is okay to specify on the command line even if the program does not define a flag with that name.  IMPORTANT: flags in this list that have
    arguments MUST use the --flag=value format.
    (default: ''), train_params : {'shuffle_buffer_size': 800000, 'num_parallel_calls': 16, 'epoch': 1, 'batch_size': 64, 'train_epoch': 1}
2020-06-15 16:44:42,252 - INFO - training part hdfs://hdem21/strategy/huichuan_target_db/tb_cvr_hash_dnn_instance_d/dt=20200520/_SUCCESS
2020-06-15 16:44:43,632 - INFO - training part hdfs://hdem21/strategy/huichuan_target_db/tb_cvr_hash_dnn_instance_d/dt=20200520/part-00000
2020-06-15 16:46:19,965 - INFO - FLAGS : 
src.flags:
  --ad_input_length: ad single feature length
    (default: '6')
    (an integer)
  --ad_layer1_units: (no help available)
    (default: '256')
    (an integer)
  --ad_layer2_units: (no help available)
    (default: '128')
    (an integer)
  --alpha: loss weight for joint training
    (default: '1.0')
    (a number)
  --cross_input_length: cross feature length
    (default: '239')
    (an integer)
  --embedding_dim: embedding dimension
    (default: '8')
    (an integer)
  --learning_rate: learning rate
    (default: '0.005')
    (a number)
  --match_output_units: (no help available)
    (default: '64')
    (an integer)
  --pred_layer1_units: (no help available)
    (default: '512')
    (an integer)
  --pred_layer2_units: (no help available)
    (default: '256')
    (an integer)
  --pred_layer3_units: (no help available)
    (default: '128')
    (an integer)
  --user_input_length: user single feature length
    (default: '116')
    (an integer)
  --user_layer1_units: (no help available)
    (default: '256')
    (an integer)
  --user_layer2_units: (no help available)
    (default: '128')
    (an integer)
  --vocab_size: embedding table vocab size
    (default: '5000000')
    (an integer)

absl.flags:
  --flagfile: Insert flag definitions from the given file into the command line.
    (default: '')
  --undefok: comma-separated list of flag names that it is okay to specify on the command line even if the program does not define a flag with that name.  IMPORTANT: flags in this list that have
    arguments MUST use the --flag=value format.
    (default: ''), train_params : {'shuffle_buffer_size': 800000, 'num_parallel_calls': 16, 'epoch': 1, 'batch_size': 64, 'train_epoch': 1}
2020-06-15 16:46:28,769 - INFO - training part hdfs://hdem21/strategy/huichuan_target_db/tb_cvr_hash_dnn_instance_d/dt=20200520/_SUCCESS
2020-06-15 16:46:30,143 - INFO - training part hdfs://hdem21/strategy/huichuan_target_db/tb_cvr_hash_dnn_instance_d/dt=20200520/part-00000
